# JRE version: Java(TM) SE Runtime Environment (8.0_181-b13) (build 1.8.0_181-b13)
# Java VM: Java HotSpot(TM) 64-Bit Server VM (25.181-b13 mixed mode windows-amd64 compressed oops)
Heap:
 par new generation   total 153344K, used 44258K [0x00000000c0000000, 0x00000000ca660000, 0x00000000ca660000)
  eden space 136320K,  31% used [0x00000000c0000000, 0x00000000c2a7cf80, 0x00000000c8520000)
  from space 17024K,   4% used [0x00000000c8520000, 0x00000000c85dbb98, 0x00000000c95c0000)
  to   space 17024K,   0% used [0x00000000c95c0000, 0x00000000c95c0000, 0x00000000ca660000)
 concurrent mark-sweep generation total 878208K, used 80575K [0x00000000ca660000, 0x0000000100000000, 0x0000000100000000)
 Metaspace       used 49473K, capacity 49750K, committed 50336K, reserved 1093632K
  class space    used 5460K, capacity 5552K, committed 5596K, reserved 1048576K
GC Heap History (10 events):
Event: 76.078 GC heap before
{Heap before GC invocations=13 (full 4):
 par new generation   total 153344K, used 137871K [0x00000000c0000000, 0x00000000ca660000, 0x00000000ca660000)
  eden space 136320K, 100% used [0x00000000c0000000, 0x00000000c8520000, 0x00000000c8520000)
  from space 17024K,   9% used [0x00000000c95c0000, 0x00000000c9743dc0, 0x00000000ca660000)
  to   space 17024K,   0% used [0x00000000c8520000, 0x00000000c8520000, 0x00000000c95c0000)
 concurrent mark-sweep generation total 878208K, used 80599K [0x00000000ca660000, 0x0000000100000000, 0x0000000100000000)
 Metaspace       used 37734K, capacity 38003K, committed 38432K, reserved 1083392K
  class space    used 4609K, capacity 4688K, committed 4700K, reserved 1048576K
Event: 76.084 GC heap after
Heap after GC invocations=14 (full 4):
 par new generation   total 153344K, used 2224K [0x00000000c0000000, 0x00000000ca660000, 0x00000000ca660000)
  eden space 136320K,   0% used [0x00000000c0000000, 0x00000000c0000000, 0x00000000c8520000)
  from space 17024K,  13% used [0x00000000c8520000, 0x00000000c874c018, 0x00000000c95c0000)
  to   space 17024K,   0% used [0x00000000c95c0000, 0x00000000c95c0000, 0x00000000ca660000)
 concurrent mark-sweep generation total 878208K, used 80599K [0x00000000ca660000, 0x0000000100000000, 0x0000000100000000)
 Metaspace       used 37734K, capacity 38003K, committed 38432K, reserved 1083392K
  class space    used 4609K, capacity 4688K, committed 4700K, reserved 1048576K
}
Event: 124.640 GC heap before
{Heap before GC invocations=14 (full 5):
 par new generation   total 153344K, used 138544K [0x00000000c0000000, 0x00000000ca660000, 0x00000000ca660000)
  eden space 136320K, 100% used [0x00000000c0000000, 0x00000000c8520000, 0x00000000c8520000)
  from space 17024K,  13% used [0x00000000c8520000, 0x00000000c874c018, 0x00000000c95c0000)
  to   space 17024K,   0% used [0x00000000c95c0000, 0x00000000c95c0000, 0x00000000ca660000)
 concurrent mark-sweep generation total 878208K, used 80599K [0x00000000ca660000, 0x0000000100000000, 0x0000000100000000)
 Metaspace       used 37743K, capacity 38003K, committed 38432K, reserved 1083392K
  class space    used 4609K, capacity 4688K, committed 4700K, reserved 1048576K
Event: 124.645 GC heap after
Heap after GC invocations=15 (full 5):
 par new generation   total 153344K, used 2068K [0x00000000c0000000, 0x00000000ca660000, 0x00000000ca660000)
  eden space 136320K,   0% used [0x00000000c0000000, 0x00000000c0000000, 0x00000000c8520000)
  from space 17024K,  12% used [0x00000000c95c0000, 0x00000000c97c5190, 0x00000000ca660000)
  to   space 17024K,   0% used [0x00000000c8520000, 0x00000000c8520000, 0x00000000c95c0000)
 concurrent mark-sweep generation total 878208K, used 80599K [0x00000000ca660000, 0x0000000100000000, 0x0000000100000000)
 Metaspace       used 37743K, capacity 38003K, committed 38432K, reserved 1083392K
  class space    used 4609K, capacity 4688K, committed 4700K, reserved 1048576K
}
Event: 187.269 GC heap before
{Heap before GC invocations=15 (full 5):
 par new generation   total 153344K, used 138388K [0x00000000c0000000, 0x00000000ca660000, 0x00000000ca660000)
  eden space 136320K, 100% used [0x00000000c0000000, 0x00000000c8520000, 0x00000000c8520000)
  from space 17024K,  12% used [0x00000000c95c0000, 0x00000000c97c5190, 0x00000000ca660000)
  to   space 17024K,   0% used [0x00000000c8520000, 0x00000000c8520000, 0x00000000c95c0000)
 concurrent mark-sweep generation total 878208K, used 80563K [0x00000000ca660000, 0x0000000100000000, 0x0000000100000000)
 Metaspace       used 40693K, capacity 40980K, committed 41376K, reserved 1085440K
  class space    used 4890K, capacity 4976K, committed 5084K, reserved 1048576K
Event: 187.277 GC heap after
Heap after GC invocations=16 (full 5):
 par new generation   total 153344K, used 2186K [0x00000000c0000000, 0x00000000ca660000, 0x00000000ca660000)
  eden space 136320K,   0% used [0x00000000c0000000, 0x00000000c0000000, 0x00000000c8520000)
  from space 17024K,  12% used [0x00000000c8520000, 0x00000000c8742ab8, 0x00000000c95c0000)
  to   space 17024K,   0% used [0x00000000c95c0000, 0x00000000c95c0000, 0x00000000ca660000)
 concurrent mark-sweep generation total 878208K, used 80563K [0x00000000ca660000, 0x0000000100000000, 0x0000000100000000)
 Metaspace       used 40693K, capacity 40980K, committed 41376K, reserved 1085440K
  class space    used 4890K, capacity 4976K, committed 5084K, reserved 1048576K
}
Event: 234.011 GC heap before
{Heap before GC invocations=16 (full 5):
 par new generation   total 153344K, used 131597K [0x00000000c0000000, 0x00000000ca660000, 0x00000000ca660000)
  eden space 136320K,  94% used [0x00000000c0000000, 0x00000000c7e60c00, 0x00000000c8520000)
  from space 17024K,  12% used [0x00000000c8520000, 0x00000000c8742ab8, 0x00000000c95c0000)
  to   space 17024K,   0% used [0x00000000c95c0000, 0x00000000c95c0000, 0x00000000ca660000)
 concurrent mark-sweep generation total 878208K, used 80563K [0x00000000ca660000, 0x0000000100000000, 0x0000000100000000)
 Metaspace       used 49437K, capacity 49750K, committed 50336K, reserved 1093632K
  class space    used 5459K, capacity 5552K, committed 5596K, reserved 1048576K
Event: 234.017 GC heap after
Heap after GC invocations=17 (full 5):
 par new generation   total 153344K, used 1092K [0x00000000c0000000, 0x00000000ca660000, 0x00000000ca660000)
  eden space 136320K,   0% used [0x00000000c0000000, 0x00000000c0000000, 0x00000000c8520000)
  from space 17024K,   6% used [0x00000000c95c0000, 0x00000000c96d1178, 0x00000000ca660000)
  to   space 17024K,   0% used [0x00000000c8520000, 0x00000000c8520000, 0x00000000c95c0000)
 concurrent mark-sweep generation total 878208K, used 80563K [0x00000000ca660000, 0x0000000100000000, 0x0000000100000000)
 Metaspace       used 49437K, capacity 49750K, committed 50336K, reserved 1093632K
  class space    used 5459K, capacity 5552K, committed 5596K, reserved 1048576K
}
Event: 234.096 GC heap before
{Heap before GC invocations=17 (full 6):
 par new generation   total 153344K, used 134233K [0x00000000c0000000, 0x00000000ca660000, 0x00000000ca660000)
  eden space 136320K,  97% used [0x00000000c0000000, 0x00000000c8205298, 0x00000000c8520000)
  from space 17024K,   6% used [0x00000000c95c0000, 0x00000000c96d1178, 0x00000000ca660000)
  to   space 17024K,   0% used [0x00000000c8520000, 0x00000000c8520000, 0x00000000c95c0000)
 concurrent mark-sweep generation total 878208K, used 80563K [0x00000000ca660000, 0x0000000100000000, 0x0000000100000000)
 Metaspace       used 49455K, capacity 49750K, committed 50336K, reserved 1093632K
  class space    used 5459K, capacity 5552K, committed 5596K, reserved 1048576K
Event: 234.101 GC heap after
Heap after GC invocations=18 (full 6):
 par new generation   total 153344K, used 750K [0x00000000c0000000, 0x00000000ca660000, 0x00000000ca660000)
  eden space 136320K,   0% used [0x00000000c0000000, 0x00000000c0000000, 0x00000000c8520000)
  from space 17024K,   4% used [0x00000000c8520000, 0x00000000c85dbb98, 0x00000000c95c0000)
  to   space 17024K,   0% used [0x00000000c95c0000, 0x00000000c95c0000, 0x00000000ca660000)
 concurrent mark-sweep generation total 878208K, used 80575K [0x00000000ca660000, 0x0000000100000000, 0x0000000100000000)
 Metaspace       used 49455K, capacity 49750K, committed 50336K, reserved 1093632K
  class space    used 5459K, capacity 5552K, committed 5596K, reserved 1048576K
}

